<?xml version="1.0" encoding="UTF-8"?>
<testsuite xmlns:xsi="http://www.w3.org/2001/XMLSchema-instance" xsi:schemaLocation="https://maven.apache.org/surefire/maven-surefire-plugin/xsd/surefire-test-report.xsd" name="TestSuite" time="0.672" tests="21" errors="0" skipped="20" failures="1">
  <properties>
[...]
</properties>
  <testcase name="setup" classname="com.automation.gvc.test.TC_001_Login" time="0.372">
    <failure message="&#10;Parameter &apos;browser&apos; is required by BeforeSuite on method setup but has not been marked @Optional or defined&#10;in C:\GVC_TEST\src\main\resources\testng.xml" type="org.testng.TestNGException">org.testng.TestNGException: 

Parameter 'browser' is required by BeforeSuite on method setup but has not been marked @Optional or defined
in C:\GVC_TEST\src\main\resources\testng.xml
</failure>
    <system-err><![CDATA[SLF4J: Failed to load class "org.slf4j.impl.StaticLoggerBinder".
SLF4J: Defaulting to no-operation (NOP) logger implementation
SLF4J: See http://www.slf4j.org/codes.html#StaticLoggerBinder for further details.
]]></system-err>
  </testcase>
  <testcase name="startTest" classname="com.automation.gvc.test.TC_001_Login" time="0">
    <skipped/>
  </testcase>
  <testcase name="openHomePage" classname="com.automation.gvc.test.TC_001_Login" time="0">
    <skipped message="&#10;Parameter &apos;browser&apos; is required by BeforeSuite on method setup but has not been marked @Optional or defined&#10;in C:\GVC_TEST\src\main\resources\testng.xml"/>
  </testcase>
  <testcase name="report" classname="com.automation.gvc.test.TC_001_Login" time="0">
    <skipped/>
  </testcase>
  <testcase name="report" classname="com.automation.gvc.test.TC_001_Login" time="0">
    <skipped/>
  </testcase>
  <testcase name="report" classname="com.automation.gvc.test.TC_001_Login" time="0">
    <skipped/>
  </testcase>
  <testcase name="report" classname="com.automation.gvc.test.TC_001_Login" time="0">
    <skipped/>
  </testcase>
  <testcase name="report" classname="com.automation.gvc.test.TC_001_Login" time="0">
    <skipped/>
  </testcase>
  <testcase name="report" classname="com.automation.gvc.test.TC_001_Login" time="0">
    <skipped/>
  </testcase>
  <testcase name="report" classname="com.automation.gvc.test.TC_001_Login" time="0">
    <skipped/>
  </testcase>
  <testcase name="report" classname="com.automation.gvc.test.TC_001_Login" time="0">
    <skipped/>
  </testcase>
  <testcase name="report" classname="com.automation.gvc.test.TC_001_Login" time="0">
    <skipped/>
  </testcase>
  <testcase name="searchItem" classname="com.automation.gvc.test.TC_001_Login" time="0">
    <skipped message="&#10;Parameter &apos;browser&apos; is required by BeforeSuite on method setup but has not been marked @Optional or defined&#10;in C:\GVC_TEST\src\main\resources\testng.xml"/>
  </testcase>
  <testcase name="openDepartments" classname="com.automation.gvc.test.TC_001_Login" time="0">
    <skipped message="&#10;Parameter &apos;browser&apos; is required by BeforeSuite on method setup but has not been marked @Optional or defined&#10;in C:\GVC_TEST\src\main\resources\testng.xml"/>
  </testcase>
  <testcase name="setPriceRange" classname="com.automation.gvc.test.TC_001_Login" time="0">
    <skipped message="&#10;Parameter &apos;browser&apos; is required by BeforeSuite on method setup but has not been marked @Optional or defined&#10;in C:\GVC_TEST\src\main\resources\testng.xml"/>
  </testcase>
  <testcase name="setAgeRange" classname="com.automation.gvc.test.TC_001_Login" time="0">
    <skipped message="&#10;Parameter &apos;browser&apos; is required by BeforeSuite on method setup but has not been marked @Optional or defined&#10;in C:\GVC_TEST\src\main\resources\testng.xml"/>
  </testcase>
  <testcase name="openItem" classname="com.automation.gvc.test.TC_001_Login" time="0">
    <skipped message="&#10;Parameter &apos;browser&apos; is required by BeforeSuite on method setup but has not been marked @Optional or defined&#10;in C:\GVC_TEST\src\main\resources\testng.xml"/>
  </testcase>
  <testcase name="setQty" classname="com.automation.gvc.test.TC_001_Login" time="0">
    <skipped message="&#10;Parameter &apos;browser&apos; is required by BeforeSuite on method setup but has not been marked @Optional or defined&#10;in C:\GVC_TEST\src\main\resources\testng.xml"/>
  </testcase>
  <testcase name="addItemToCart" classname="com.automation.gvc.test.TC_001_Login" time="0">
    <skipped message="&#10;Parameter &apos;browser&apos; is required by BeforeSuite on method setup but has not been marked @Optional or defined&#10;in C:\GVC_TEST\src\main\resources\testng.xml"/>
  </testcase>
  <testcase name="checkCart" classname="com.automation.gvc.test.TC_001_Login" time="0">
    <skipped message="&#10;Parameter &apos;browser&apos; is required by BeforeSuite on method setup but has not been marked @Optional or defined&#10;in C:\GVC_TEST\src\main\resources\testng.xml"/>
  </testcase>
  <testcase name="quit" classname="com.automation.gvc.test.TC_001_Login" time="0">
    <skipped/>
  </testcase>
</testsuite>